[13-05-2025 12:20:17] <[32minfo[39m> :: 🚀 Server launched successfully on port 5007
[13-05-2025 12:26:23] <[32minfo[39m> :: 🚀 Server launched successfully on port 5007
[13-05-2025 12:27:39] <[32minfo[39m> :: 🚀 Server launched successfully on port 5007
[13-05-2025 12:30:52] <[32minfo[39m> :: 🚀 Server launched successfully on port 5007
[13-05-2025 13:20:47] <[32minfo[39m> :: 🚀 Server launched successfully on port 5007
[13-05-2025 13:35:13] <[32minfo[39m> :: 🚀 Server launched successfully on port 5007
[13-05-2025 21:58:37] <[32minfo[39m> :: 🚀 Server launched successfully on port 5007
[13-05-2025 21:58:47] <[34mdebug[39m> :: Auth attempt: accessToken=MISSING, refreshToken=MISSING
[13-05-2025 21:58:47] <[33mwarn[39m> :: Missing tokens in cookies
[13-05-2025 22:05:02] <[34mdebug[39m> :: Auth attempt: accessToken=[REDACTED], refreshToken=[REDACTED]
[13-05-2025 22:05:02] <[34mdebug[39m> :: Auth success for user: {"id":1,"role":"admin","roleId":1,"csrf_hmac":"a91616dd4661607960df8cd2b78d0a1158ab0f3de7e4ba8d4d871e936faa31fe","iat":1747154102,"exp":1747155002}
[13-05-2025 22:05:02] <[34mdebug[39m> :: Auth attempt: accessToken=[REDACTED], refreshToken=[REDACTED]
[13-05-2025 22:05:02] <[34mdebug[39m> :: Auth success for user: {"id":1,"role":"admin","roleId":1,"csrf_hmac":"a91616dd4661607960df8cd2b78d0a1158ab0f3de7e4ba8d4d871e936faa31fe","iat":1747154102,"exp":1747155002}
[13-05-2025 22:05:03] <[34mdebug[39m> :: Auth attempt: accessToken=[REDACTED], refreshToken=[REDACTED]
[13-05-2025 22:05:03] <[34mdebug[39m> :: Auth success for user: {"id":1,"role":"admin","roleId":1,"csrf_hmac":"a91616dd4661607960df8cd2b78d0a1158ab0f3de7e4ba8d4d871e936faa31fe","iat":1747154102,"exp":1747155002}
[13-05-2025 22:05:03] <[32minfo[39m> :: Fetching leave policy for user: 1
[13-05-2025 22:05:03] <[33mwarn[39m> :: No leave policies found for user: 1
[13-05-2025 22:05:03] <[31merror[39m> :: Error in processGetMyLeavePolicy for user 1: Leave policies not found for user: 1
[13-05-2025 22:05:07] <[34mdebug[39m> :: Auth attempt: accessToken=[REDACTED], refreshToken=[REDACTED]
[13-05-2025 22:05:07] <[34mdebug[39m> :: Auth success for user: {"id":1,"role":"admin","roleId":1,"csrf_hmac":"a91616dd4661607960df8cd2b78d0a1158ab0f3de7e4ba8d4d871e936faa31fe","iat":1747154102,"exp":1747155002}
[13-05-2025 22:05:24] <[34mdebug[39m> :: Auth attempt: accessToken=[REDACTED], refreshToken=[REDACTED]
[13-05-2025 22:05:24] <[34mdebug[39m> :: Auth success for user: {"id":1,"role":"admin","roleId":1,"csrf_hmac":"a91616dd4661607960df8cd2b78d0a1158ab0f3de7e4ba8d4d871e936faa31fe","iat":1747154102,"exp":1747155002}
[13-05-2025 22:05:24] <[32minfo[39m> :: Fetching leave policy for user: 1
[13-05-2025 22:05:24] <[33mwarn[39m> :: No leave policies found for user: 1
[13-05-2025 22:05:24] <[31merror[39m> :: Error in processGetMyLeavePolicy for user 1: Leave policies not found for user: 1
[13-05-2025 22:05:37] <[34mdebug[39m> :: Auth attempt: accessToken=[REDACTED], refreshToken=[REDACTED]
[13-05-2025 22:05:37] <[34mdebug[39m> :: Auth success for user: {"id":1,"role":"admin","roleId":1,"csrf_hmac":"a91616dd4661607960df8cd2b78d0a1158ab0f3de7e4ba8d4d871e936faa31fe","iat":1747154102,"exp":1747155002}
[13-05-2025 22:05:45] <[34mdebug[39m> :: Auth attempt: accessToken=[REDACTED], refreshToken=[REDACTED]
[13-05-2025 22:05:45] <[34mdebug[39m> :: Auth success for user: {"id":1,"role":"admin","roleId":1,"csrf_hmac":"a91616dd4661607960df8cd2b78d0a1158ab0f3de7e4ba8d4d871e936faa31fe","iat":1747154102,"exp":1747155002}
[13-05-2025 22:05:57] <[34mdebug[39m> :: Auth attempt: accessToken=[REDACTED], refreshToken=[REDACTED]
[13-05-2025 22:05:57] <[34mdebug[39m> :: Auth success for user: {"id":1,"role":"admin","roleId":1,"csrf_hmac":"a91616dd4661607960df8cd2b78d0a1158ab0f3de7e4ba8d4d871e936faa31fe","iat":1747154102,"exp":1747155002}
[13-05-2025 22:05:57] <[32minfo[39m> :: Fetching leave policy for user: 1
[13-05-2025 22:05:57] <[33mwarn[39m> :: No leave policies found for user: 1
[13-05-2025 22:05:57] <[31merror[39m> :: Error in processGetMyLeavePolicy for user 1: Leave policies not found for user: 1
[13-05-2025 22:06:06] <[34mdebug[39m> :: Auth attempt: accessToken=[REDACTED], refreshToken=[REDACTED]
[13-05-2025 22:06:06] <[34mdebug[39m> :: Auth success for user: {"id":1,"role":"admin","roleId":1,"csrf_hmac":"a91616dd4661607960df8cd2b78d0a1158ab0f3de7e4ba8d4d871e936faa31fe","iat":1747154102,"exp":1747155002}
[13-05-2025 22:06:07] <[34mdebug[39m> :: Auth attempt: accessToken=[REDACTED], refreshToken=[REDACTED]
[13-05-2025 22:06:07] <[34mdebug[39m> :: Auth success for user: {"id":1,"role":"admin","roleId":1,"csrf_hmac":"a91616dd4661607960df8cd2b78d0a1158ab0f3de7e4ba8d4d871e936faa31fe","iat":1747154102,"exp":1747155002}
[13-05-2025 22:06:22] <[34mdebug[39m> :: Auth attempt: accessToken=[REDACTED], refreshToken=[REDACTED]
[13-05-2025 22:06:22] <[34mdebug[39m> :: Auth success for user: {"id":1,"role":"admin","roleId":1,"csrf_hmac":"a91616dd4661607960df8cd2b78d0a1158ab0f3de7e4ba8d4d871e936faa31fe","iat":1747154102,"exp":1747155002}
[13-05-2025 22:06:22] <[34mdebug[39m> :: Auth attempt: accessToken=[REDACTED], refreshToken=[REDACTED]
[13-05-2025 22:06:22] <[34mdebug[39m> :: Auth success for user: {"id":1,"role":"admin","roleId":1,"csrf_hmac":"a91616dd4661607960df8cd2b78d0a1158ab0f3de7e4ba8d4d871e936faa31fe","iat":1747154102,"exp":1747155002}
[13-05-2025 22:06:26] <[34mdebug[39m> :: Auth attempt: accessToken=[REDACTED], refreshToken=[REDACTED]
[13-05-2025 22:06:26] <[34mdebug[39m> :: Auth success for user: {"id":1,"role":"admin","roleId":1,"csrf_hmac":"a91616dd4661607960df8cd2b78d0a1158ab0f3de7e4ba8d4d871e936faa31fe","iat":1747154102,"exp":1747155002}
[13-05-2025 22:06:26] <[34mdebug[39m> :: Auth attempt: accessToken=[REDACTED], refreshToken=[REDACTED]
[13-05-2025 22:06:26] <[34mdebug[39m> :: Auth success for user: {"id":1,"role":"admin","roleId":1,"csrf_hmac":"a91616dd4661607960df8cd2b78d0a1158ab0f3de7e4ba8d4d871e936faa31fe","iat":1747154102,"exp":1747155002}
[13-05-2025 22:06:26] <[32minfo[39m> :: Fetching leave policy for user: 1
[13-05-2025 22:06:26] <[33mwarn[39m> :: No leave policies found for user: 1
[13-05-2025 22:06:26] <[31merror[39m> :: Error in processGetMyLeavePolicy for user 1: Leave policies not found for user: 1
[13-05-2025 22:06:28] <[34mdebug[39m> :: Auth attempt: accessToken=[REDACTED], refreshToken=[REDACTED]
[13-05-2025 22:06:28] <[34mdebug[39m> :: Auth success for user: {"id":1,"role":"admin","roleId":1,"csrf_hmac":"a91616dd4661607960df8cd2b78d0a1158ab0f3de7e4ba8d4d871e936faa31fe","iat":1747154102,"exp":1747155002}
[13-05-2025 22:08:39] <[34mdebug[39m> :: Auth attempt: accessToken=[REDACTED], refreshToken=[REDACTED]
[13-05-2025 22:08:39] <[34mdebug[39m> :: Auth success for user: {"id":1,"role":"admin","roleId":1,"csrf_hmac":"a91616dd4661607960df8cd2b78d0a1158ab0f3de7e4ba8d4d871e936faa31fe","iat":1747154102,"exp":1747155002}
[13-05-2025 22:08:40] <[34mdebug[39m> :: Auth attempt: accessToken=[REDACTED], refreshToken=[REDACTED]
[13-05-2025 22:08:40] <[34mdebug[39m> :: Auth success for user: {"id":1,"role":"admin","roleId":1,"csrf_hmac":"a91616dd4661607960df8cd2b78d0a1158ab0f3de7e4ba8d4d871e936faa31fe","iat":1747154102,"exp":1747155002}
[13-05-2025 22:08:40] <[32minfo[39m> :: Fetching leave policy for user: 1
[13-05-2025 22:08:40] <[33mwarn[39m> :: No leave policies found for user: 1
[13-05-2025 22:08:40] <[31merror[39m> :: Error in processGetMyLeavePolicy for user 1: Leave policies not found for user: 1
[13-05-2025 22:08:42] <[34mdebug[39m> :: Auth attempt: accessToken=[REDACTED], refreshToken=[REDACTED]
[13-05-2025 22:08:42] <[34mdebug[39m> :: Auth success for user: {"id":1,"role":"admin","roleId":1,"csrf_hmac":"a91616dd4661607960df8cd2b78d0a1158ab0f3de7e4ba8d4d871e936faa31fe","iat":1747154102,"exp":1747155002}
[13-05-2025 22:08:42] <[34mdebug[39m> :: Auth attempt: accessToken=[REDACTED], refreshToken=[REDACTED]
[13-05-2025 22:08:42] <[34mdebug[39m> :: Auth success for user: {"id":1,"role":"admin","roleId":1,"csrf_hmac":"a91616dd4661607960df8cd2b78d0a1158ab0f3de7e4ba8d4d871e936faa31fe","iat":1747154102,"exp":1747155002}
[13-05-2025 22:08:48] <[34mdebug[39m> :: Auth attempt: accessToken=[REDACTED], refreshToken=[REDACTED]
[13-05-2025 22:08:48] <[34mdebug[39m> :: Auth success for user: {"id":1,"role":"admin","roleId":1,"csrf_hmac":"a91616dd4661607960df8cd2b78d0a1158ab0f3de7e4ba8d4d871e936faa31fe","iat":1747154102,"exp":1747155002}
[13-05-2025 22:08:48] <[34mdebug[39m> :: Auth attempt: accessToken=[REDACTED], refreshToken=[REDACTED]
[13-05-2025 22:08:48] <[34mdebug[39m> :: Auth success for user: {"id":1,"role":"admin","roleId":1,"csrf_hmac":"a91616dd4661607960df8cd2b78d0a1158ab0f3de7e4ba8d4d871e936faa31fe","iat":1747154102,"exp":1747155002}
[13-05-2025 22:10:19] <[34mdebug[39m> :: Auth attempt: accessToken=[REDACTED], refreshToken=[REDACTED]
[13-05-2025 22:10:19] <[34mdebug[39m> :: Auth success for user: {"id":1,"role":"admin","roleId":1,"csrf_hmac":"a91616dd4661607960df8cd2b78d0a1158ab0f3de7e4ba8d4d871e936faa31fe","iat":1747154102,"exp":1747155002}
[13-05-2025 22:10:21] <[34mdebug[39m> :: Auth attempt: accessToken=[REDACTED], refreshToken=[REDACTED]
[13-05-2025 22:10:21] <[34mdebug[39m> :: Auth success for user: {"id":1,"role":"admin","roleId":1,"csrf_hmac":"a91616dd4661607960df8cd2b78d0a1158ab0f3de7e4ba8d4d871e936faa31fe","iat":1747154102,"exp":1747155002}
[13-05-2025 22:10:29] <[34mdebug[39m> :: Auth attempt: accessToken=[REDACTED], refreshToken=[REDACTED]
[13-05-2025 22:10:29] <[34mdebug[39m> :: Auth success for user: {"id":1,"role":"admin","roleId":1,"csrf_hmac":"a91616dd4661607960df8cd2b78d0a1158ab0f3de7e4ba8d4d871e936faa31fe","iat":1747154102,"exp":1747155002}
[13-05-2025 22:10:29] <[34mdebug[39m> :: Auth attempt: accessToken=[REDACTED], refreshToken=[REDACTED]
[13-05-2025 22:10:29] <[34mdebug[39m> :: Auth success for user: {"id":1,"role":"admin","roleId":1,"csrf_hmac":"a91616dd4661607960df8cd2b78d0a1158ab0f3de7e4ba8d4d871e936faa31fe","iat":1747154102,"exp":1747155002}
[13-05-2025 22:10:29] <[32minfo[39m> :: Fetching leave policy for user: 1
[13-05-2025 22:10:29] <[33mwarn[39m> :: No leave policies found for user: 1
[13-05-2025 22:10:29] <[31merror[39m> :: Error in processGetMyLeavePolicy for user 1: Leave policies not found for user: 1
[13-05-2025 22:10:33] <[34mdebug[39m> :: Auth attempt: accessToken=[REDACTED], refreshToken=[REDACTED]
[13-05-2025 22:10:33] <[34mdebug[39m> :: Auth success for user: {"id":1,"role":"admin","roleId":1,"csrf_hmac":"a91616dd4661607960df8cd2b78d0a1158ab0f3de7e4ba8d4d871e936faa31fe","iat":1747154102,"exp":1747155002}
[13-05-2025 22:10:33] <[34mdebug[39m> :: Auth attempt: accessToken=[REDACTED], refreshToken=[REDACTED]
[13-05-2025 22:10:33] <[34mdebug[39m> :: Auth success for user: {"id":1,"role":"admin","roleId":1,"csrf_hmac":"a91616dd4661607960df8cd2b78d0a1158ab0f3de7e4ba8d4d871e936faa31fe","iat":1747154102,"exp":1747155002}
[13-05-2025 22:10:55] <[34mdebug[39m> :: Auth attempt: accessToken=[REDACTED], refreshToken=[REDACTED]
[13-05-2025 22:10:55] <[34mdebug[39m> :: Auth success for user: {"id":1,"role":"admin","roleId":1,"csrf_hmac":"a91616dd4661607960df8cd2b78d0a1158ab0f3de7e4ba8d4d871e936faa31fe","iat":1747154102,"exp":1747155002}
[13-05-2025 22:10:55] <[32minfo[39m> :: Updating student with payload: {"name":"kavya","gender":"Female","dob":"2025-05-12T18:30:00.000Z","phone":"0934567890","email":"qwert@gmail.com","class":"X","section":"A","roll":"'15'","admissionDate":"2025-05-12T18:30:00.000Z","currentAddress":"qwertyuiop asdfghjkl zxcvbnm","permanentAddress":"qwertyuiop asdfghjkl zxcvbnm","fatherName":"paul","fatherPhone":"6789054321","motherName":"christine","motherPhone":"0987612345","guardianName":"jacob","guardianPhone":"5432167890","relationOfGuardian":"uncle","systemAccess":false,"userId":"4"}
[13-05-2025 22:10:55] <[31merror[39m> :: Failed to update student. Payload: {"name":"kavya","gender":"Female","dob":"2025-05-12T18:30:00.000Z","phone":"0934567890","email":"qwert@gmail.com","class":"X","section":"A","roll":"'15'","admissionDate":"2025-05-12T18:30:00.000Z","currentAddress":"qwertyuiop asdfghjkl zxcvbnm","permanentAddress":"qwertyuiop asdfghjkl zxcvbnm","fatherName":"paul","fatherPhone":"6789054321","motherName":"christine","motherPhone":"0987612345","guardianName":"jacob","guardianPhone":"5432167890","relationOfGuardian":"uncle","systemAccess":false,"userId":"4"}, Error: null
[13-05-2025 22:10:55] <[31merror[39m> :: Exception in updateStudent: Unable to update student.
[13-05-2025 22:10:55] <[34mdebug[39m> :: Auth attempt: accessToken=[REDACTED], refreshToken=[REDACTED]
[13-05-2025 22:10:55] <[34mdebug[39m> :: Auth success for user: {"id":1,"role":"admin","roleId":1,"csrf_hmac":"a91616dd4661607960df8cd2b78d0a1158ab0f3de7e4ba8d4d871e936faa31fe","iat":1747154102,"exp":1747155002}
[13-05-2025 22:11:05] <[34mdebug[39m> :: Auth attempt: accessToken=[REDACTED], refreshToken=[REDACTED]
[13-05-2025 22:11:05] <[34mdebug[39m> :: Auth success for user: {"id":1,"role":"admin","roleId":1,"csrf_hmac":"a91616dd4661607960df8cd2b78d0a1158ab0f3de7e4ba8d4d871e936faa31fe","iat":1747154102,"exp":1747155002}
